[2019-10-26 16:26:15.242] [renderer1] [error] Error: Error: ENOENT: no such file or directory, stat '/home/bogdan/Documents/React/ReactReduxBurger/.vscode'
[2019-10-26 16:34:23.373] [renderer1] [error] TypeScript Server Error (3.5.1)
Cannot read property 'parent' of undefined
TypeError: Cannot read property 'parent' of undefined
    at Object.deleteDeclaration (tsserver.js:112645:56)
    at _loop_9 (tsserver.js:112264:47)
    at ChangeTracker.finishDeleteDeclarations (tsserver.js:112271:21)
    at ChangeTracker.getChanges (tsserver.js:112291:22)
    at Function.ChangeTracker.with (tsserver.js:111836:32)
    at Object.getCodeActions (tsserver.js:116433:68)
    at tsserver.js:112821:121
    at Object.flatMap (tsserver.js:573:25)
    at Object.getFixes (tsserver.js:112821:23)
    at tsserver.js:122397:35
    at Object.flatMap (tsserver.js:573:25)
    at Object.getCodeFixesAtPosition (tsserver.js:122395:23)
    at IOSession.Session.getCodeFixes (tsserver.js:131443:64)
    at Session.handlers.ts.createMapFromTemplate._a.(anonymous function) (tsserver.js:130193:61)
    at tsserver.js:131637:88
    at IOSession.Session.executeWithRequestId (tsserver.js:131628:28)
    at IOSession.Session.executeCommand (tsserver.js:131637:33)
    at IOSession.Session.onMessage (tsserver.js:131659:35)
    at Interface.<anonymous> (tsserver.js:132950:27)
    at Interface.emit (events.js:182:13)
    at Interface._onLine (readline.js:290:10)
    at Interface._normalWrite (readline.js:433:12)
    at Socket.ondata (readline.js:149:10)
    at Socket.emit (events.js:182:13)
    at addChunk (_stream_readable.js:279:12)
    at readableAddChunk (_stream_readable.js:264:11)
    at Socket.Readable.push (_stream_readable.js:219:10)
    at Pipe.onread (net.js:636:20): Error: TypeScript Server Error (3.5.1)
Cannot read property 'parent' of undefined
TypeError: Cannot read property 'parent' of undefined
    at Object.deleteDeclaration (tsserver.js:112645:56)
    at _loop_9 (tsserver.js:112264:47)
    at ChangeTracker.finishDeleteDeclarations (tsserver.js:112271:21)
    at ChangeTracker.getChanges (tsserver.js:112291:22)
    at Function.ChangeTracker.with (tsserver.js:111836:32)
    at Object.getCodeActions (tsserver.js:116433:68)
    at tsserver.js:112821:121
    at Object.flatMap (tsserver.js:573:25)
    at Object.getFixes (tsserver.js:112821:23)
    at tsserver.js:122397:35
    at Object.flatMap (tsserver.js:573:25)
    at Object.getCodeFixesAtPosition (tsserver.js:122395:23)
    at IOSession.Session.getCodeFixes (tsserver.js:131443:64)
    at Session.handlers.ts.createMapFromTemplate._a.(anonymous function) (tsserver.js:130193:61)
    at tsserver.js:131637:88
    at IOSession.Session.executeWithRequestId (tsserver.js:131628:28)
    at IOSession.Session.executeCommand (tsserver.js:131637:33)
    at IOSession.Session.onMessage (tsserver.js:131659:35)
    at Interface.<anonymous> (tsserver.js:132950:27)
    at Interface.emit (events.js:182:13)
    at Interface._onLine (readline.js:290:10)
    at Interface._normalWrite (readline.js:433:12)
    at Socket.ondata (readline.js:149:10)
    at Socket.emit (events.js:182:13)
    at addChunk (_stream_readable.js:279:12)
    at readableAddChunk (_stream_readable.js:264:11)
    at Socket.Readable.push (_stream_readable.js:219:10)
    at Pipe.onread (net.js:636:20)
	at Function.create (/usr/share/code/resources/app/extensions/typescript-language-features/dist/extension.js:1:197728)
	at v.dispatchResponse (/usr/share/code/resources/app/extensions/typescript-language-features/dist/extension.js:1:203096)
	at v.dispatchMessage (/usr/share/code/resources/app/extensions/typescript-language-features/dist/extension.js:1:201848)
	at constructor._reader.onData.e (/usr/share/code/resources/app/extensions/typescript-language-features/dist/extension.js:1:201204)
	at u.fire (/usr/share/code/resources/app/out/vs/workbench/services/extensions/node/extensionHostProcess.js:47:720)
	at t.Reader.onLengthData (/usr/share/code/resources/app/extensions/typescript-language-features/dist/extension.js:1:206508)
	at Socket.t.Reader.constructor.e.on.e (/usr/share/code/resources/app/extensions/typescript-language-features/dist/extension.js:1:206156)
	at Socket.emit (events.js:182:13)
	at addChunk (_stream_readable.js:279:12)
	at readableAddChunk (_stream_readable.js:264:11)
	at Socket.Readable.push (_stream_readable.js:219:10)
	at Pipe.onread (net.js:636:20)
[2019-10-26 17:19:28.069] [renderer1] [error] TypeScript Server Error (3.5.1)
Cannot read property 'emitNode' of undefined
TypeError: Cannot read property 'emitNode' of undefined
    at Object.getStartsOnNewLine (tsserver.js:64087:29)
    at shouldWriteSeparatingLineTerminator (tsserver.js:87425:27)
    at emitNodeList (tsserver.js:87210:29)
    at emitList (tsserver.js:87107:13)
    at Object.writeList (tsserver.js:84550:13)
    at tsserver.js:107985:29
    at Object.mapToDisplayParts (tsserver.js:97521:13)
    at itemInfoForParameters (tsserver.js:107982:41)
    at getSignatureHelpItem (tsserver.js:107948:95)
    at tsserver.js:107921:79
    at Array.map (<anonymous>)
    at createSignatureHelpItems (tsserver.js:107921:36)
    at tsserver.js:107580:120
    at Object.runWithCancellationToken (tsserver.js:31649:28)
    at tsserver.js:107580:44
    at Object.firstDefined (tsserver.js:307:26)
    at tsserver.js:107576:27
    at Object.firstDefined (tsserver.js:307:26)
    at createJSSignatureHelpItems (tsserver.js:107575:56)
    at Object.getSignatureHelpItems (tsserver.js:107509:56)
    at Object.getSignatureHelpItems (tsserver.js:122240:37)
    at IOSession.Session.getSignatureHelpItems (tsserver.js:131190:62)
    at Session.handlers.ts.createMapFromTemplate._a.(anonymous function) (tsserver.js:130090:61)
    at tsserver.js:131637:88
    at IOSession.Session.executeWithRequestId (tsserver.js:131628:28)
    at IOSession.Session.executeCommand (tsserver.js:131637:33)
    at IOSession.Session.onMessage (tsserver.js:131659:35)
    at Interface.<anonymous> (tsserver.js:132950:27)
    at Interface.emit (events.js:182:13)
    at Interface._onLine (readline.js:290:10)
    at Interface._normalWrite (readline.js:433:12)
    at Socket.ondata (readline.js:149:10)
    at Socket.emit (events.js:182:13)
    at addChunk (_stream_readable.js:279:12)
    at readableAddChunk (_stream_readable.js:264:11)
    at Socket.Readable.push (_stream_readable.js:219:10)
    at Pipe.onread (net.js:636:20): Error: TypeScript Server Error (3.5.1)
Cannot read property 'emitNode' of undefined
TypeError: Cannot read property 'emitNode' of undefined
    at Object.getStartsOnNewLine (tsserver.js:64087:29)
    at shouldWriteSeparatingLineTerminator (tsserver.js:87425:27)
    at emitNodeList (tsserver.js:87210:29)
    at emitList (tsserver.js:87107:13)
    at Object.writeList (tsserver.js:84550:13)
    at tsserver.js:107985:29
    at Object.mapToDisplayParts (tsserver.js:97521:13)
    at itemInfoForParameters (tsserver.js:107982:41)
    at getSignatureHelpItem (tsserver.js:107948:95)
    at tsserver.js:107921:79
    at Array.map (<anonymous>)
    at createSignatureHelpItems (tsserver.js:107921:36)
    at tsserver.js:107580:120
    at Object.runWithCancellationToken (tsserver.js:31649:28)
    at tsserver.js:107580:44
    at Object.firstDefined (tsserver.js:307:26)
    at tsserver.js:107576:27
    at Object.firstDefined (tsserver.js:307:26)
    at createJSSignatureHelpItems (tsserver.js:107575:56)
    at Object.getSignatureHelpItems (tsserver.js:107509:56)
    at Object.getSignatureHelpItems (tsserver.js:122240:37)
    at IOSession.Session.getSignatureHelpItems (tsserver.js:131190:62)
    at Session.handlers.ts.createMapFromTemplate._a.(anonymous function) (tsserver.js:130090:61)
    at tsserver.js:131637:88
    at IOSession.Session.executeWithRequestId (tsserver.js:131628:28)
    at IOSession.Session.executeCommand (tsserver.js:131637:33)
    at IOSession.Session.onMessage (tsserver.js:131659:35)
    at Interface.<anonymous> (tsserver.js:132950:27)
    at Interface.emit (events.js:182:13)
    at Interface._onLine (readline.js:290:10)
    at Interface._normalWrite (readline.js:433:12)
    at Socket.ondata (readline.js:149:10)
    at Socket.emit (events.js:182:13)
    at addChunk (_stream_readable.js:279:12)
    at readableAddChunk (_stream_readable.js:264:11)
    at Socket.Readable.push (_stream_readable.js:219:10)
    at Pipe.onread (net.js:636:20)
	at Function.create (/usr/share/code/resources/app/extensions/typescript-language-features/dist/extension.js:1:197728)
	at v.dispatchResponse (/usr/share/code/resources/app/extensions/typescript-language-features/dist/extension.js:1:203096)
	at v.dispatchMessage (/usr/share/code/resources/app/extensions/typescript-language-features/dist/extension.js:1:201848)
	at constructor._reader.onData.e (/usr/share/code/resources/app/extensions/typescript-language-features/dist/extension.js:1:201204)
	at u.fire (/usr/share/code/resources/app/out/vs/workbench/services/extensions/node/extensionHostProcess.js:47:720)
	at t.Reader.onLengthData (/usr/share/code/resources/app/extensions/typescript-language-features/dist/extension.js:1:206508)
	at Socket.t.Reader.constructor.e.on.e (/usr/share/code/resources/app/extensions/typescript-language-features/dist/extension.js:1:206156)
	at Socket.emit (events.js:182:13)
	at addChunk (_stream_readable.js:279:12)
	at readableAddChunk (_stream_readable.js:264:11)
	at Socket.Readable.push (_stream_readable.js:219:10)
	at Pipe.onread (net.js:636:20)
